<?xml version="1.0" encoding="UTF-8"?>
<!-- Generated by org.testng.reporters.JUnitXMLReporter -->
<testsuite ignored="0" hostname="DESKTOP-QHVMIJE" failures="0" tests="10" name="Test" time="0.06" errors="0" timestamp="2024-10-27T05:39:34 CET">
  <testcase classname="Class52_Parallel.Parallel_class1" name="tets1" time="0.01"/>
  <testcase classname="Class52_Parallel.Parallel_class2" name="tets1" time="0.01"/>
  <testcase classname="Class52_Parallel.Parallel_class1" name="tets2" time="0.001"/>
  <testcase classname="Class52_Parallel.Parallel_class2" name="tets2" time="0.0"/>
  <testcase classname="Class52_Parallel.Parallel_class1" name="tets3" time="0.001"/>
  <testcase classname="Class52_Parallel.Parallel_class2" name="tets3" time="0.001"/>
  <testcase classname="Class52_Parallel.Parallel_class1" name="tets4" time="0.002"/>
  <testcase classname="Class52_Parallel.Parallel_class2" name="tets4" time="0.001"/>
  <testcase classname="Class52_Parallel.Parallel_class3" name="tets1" time="0.0"/>
  <testcase classname="Class52_Parallel.Parallel_class3" name="tets2" time="0.002"/>
</testsuite> <!-- Test -->
