<?xml version="1.0" encoding="UTF-8"?>
<testng-results ignored="0" total="2" passed="2" failed="0" skipped="0">
  <reporter-output>
  </reporter-output>
  <suite started-at="2024-11-27T17:13:39 CET" name="Default suite" finished-at="2024-11-27T17:13:39 CET" duration-ms="44">
    <groups>
    </groups>
    <test started-at="2024-11-27T17:13:39 CET" name="Default test" finished-at="2024-11-27T17:13:39 CET" duration-ms="44">
      <class name="Assignments_TestNG.Assignment1">
        <test-method signature="test1()[pri:0, instance:Assignments_TestNG.Assignment1@20140db9]" started-at="2024-11-27T17:13:39 CET" name="test1" finished-at="2024-11-27T17:13:39 CET" duration-ms="8" status="PASS">
          <reporter-output>
          </reporter-output>
        </test-method> <!-- test1 -->
        <test-method signature="test2()[pri:0, instance:Assignments_TestNG.Assignment1@20140db9]" started-at="2024-11-27T17:13:39 CET" name="test2" finished-at="2024-11-27T17:13:39 CET" duration-ms="1" status="PASS">
          <reporter-output>
          </reporter-output>
        </test-method> <!-- test2 -->
      </class> <!-- Assignments_TestNG.Assignment1 -->
    </test> <!-- Default test -->
  </suite> <!-- Default suite -->
</testng-results>
